2026-04-03 06:02:16,307 - main.py - 51 - INFO: Building features..
2026-04-03 06:02:20,102 - main.py - 55 - INFO: Building data...
2026-04-03 06:02:20,135 - main.py - 62 - INFO: Preprocessing data...
2026-04-03 06:02:20,213 - main.py - 71 - INFO: Starting MLFlow...
2026-04-03 06:07:56,779 - main.py - 51 - INFO: Building features..
2026-04-03 06:08:00,596 - main.py - 55 - INFO: Building data...
2026-04-03 06:08:00,631 - main.py - 62 - INFO: Preprocessing data...
2026-04-03 06:08:00,709 - main.py - 71 - INFO: Starting MLFlow...
2026-04-03 06:12:12,272 - main.py - 51 - INFO: Building features..
2026-04-03 06:12:16,076 - main.py - 55 - INFO: Building data...
2026-04-03 06:12:16,112 - main.py - 62 - INFO: Preprocessing data...
2026-04-03 06:12:16,189 - main.py - 71 - INFO: Starting MLFlow...
2026-04-03 06:49:48,340 - main.py - 51 - INFO: Building features..
2026-04-03 06:49:52,359 - main.py - 55 - INFO: Building data...
2026-04-03 06:49:52,396 - main.py - 62 - INFO: Preprocessing data...
2026-04-03 06:49:52,476 - main.py - 71 - INFO: Starting MLFlow...
2026-04-03 07:26:43,011 - main.py - 51 - INFO: Building features..
2026-04-03 07:26:47,117 - main.py - 55 - INFO: Building data...
2026-04-03 07:26:47,149 - main.py - 62 - INFO: Preprocessing data...
2026-04-03 07:26:47,225 - main.py - 71 - INFO: Starting MLFlow...
2026-04-03 08:12:20,655 - main.py - 51 - INFO: Building features..
2026-04-03 08:12:24,655 - main.py - 55 - INFO: Building data...
2026-04-03 08:12:24,690 - main.py - 62 - INFO: Preprocessing data...
2026-04-03 08:12:24,767 - main.py - 71 - INFO: Starting MLFlow...
2026-04-03 08:28:27,402 - main.py - 51 - INFO: Building features..
2026-04-03 08:28:31,455 - main.py - 55 - INFO: Building data...
2026-04-03 08:28:31,492 - main.py - 62 - INFO: Preprocessing data...
2026-04-03 08:28:31,567 - main.py - 71 - INFO: Starting MLFlow...
2026-04-03 08:43:16,896 - main.py - 51 - INFO: Building features..
2026-04-03 08:43:20,935 - main.py - 55 - INFO: Building data...
2026-04-03 08:43:20,969 - main.py - 62 - INFO: Preprocessing data...
2026-04-03 08:43:21,045 - main.py - 71 - INFO: Starting MLFlow...
2026-04-03 08:47:58,611 - main.py - 51 - INFO: Building features..
2026-04-03 08:48:02,400 - main.py - 55 - INFO: Building data...
2026-04-03 08:48:02,437 - main.py - 62 - INFO: Preprocessing data...
2026-04-03 08:48:02,514 - main.py - 71 - INFO: Starting MLFlow...
2026-04-03 08:59:26,433 - main.py - 51 - INFO: Building features..
2026-04-03 08:59:30,212 - main.py - 55 - INFO: Building data...
2026-04-03 08:59:30,250 - main.py - 62 - INFO: Preprocessing data...
2026-04-03 08:59:30,328 - main.py - 71 - INFO: Starting MLFlow...
2026-04-03 09:01:10,349 - main.py - 51 - INFO: Building features..
2026-04-03 09:01:14,136 - main.py - 55 - INFO: Building data...
2026-04-03 09:01:14,173 - main.py - 62 - INFO: Preprocessing data...
2026-04-03 09:01:14,248 - main.py - 71 - INFO: Starting MLFlow...
2026-04-03 09:05:55,775 - main.py - 51 - INFO: Building features..
2026-04-03 09:05:59,568 - main.py - 55 - INFO: Building data...
2026-04-03 09:05:59,602 - main.py - 62 - INFO: Preprocessing data...
2026-04-03 09:05:59,678 - main.py - 71 - INFO: Starting MLFlow...
2026-04-03 09:10:16,509 - main.py - 51 - INFO: Building features..
2026-04-03 09:10:20,339 - main.py - 55 - INFO: Building data...
2026-04-03 09:10:20,375 - main.py - 62 - INFO: Preprocessing data...
2026-04-03 09:10:20,454 - main.py - 71 - INFO: Starting MLFlow...
2026-04-03 09:17:14,067 - main.py - 51 - INFO: Building features..
2026-04-03 09:17:18,119 - main.py - 55 - INFO: Building data...
2026-04-03 09:17:18,156 - main.py - 62 - INFO: Preprocessing data...
2026-04-03 09:17:18,231 - main.py - 71 - INFO: Starting MLFlow...
2026-04-03 10:00:21,141 - main.py - 51 - INFO: Building features..
2026-04-03 10:00:25,187 - main.py - 55 - INFO: Building data...
2026-04-03 10:00:25,224 - main.py - 62 - INFO: Preprocessing data...
2026-04-03 10:00:25,302 - main.py - 71 - INFO: Starting MLFlow...
2026-04-03 10:15:17,101 - main.py - 51 - INFO: Building features..
2026-04-03 10:15:21,157 - main.py - 55 - INFO: Building data...
2026-04-03 10:15:21,194 - main.py - 62 - INFO: Preprocessing data...
2026-04-03 10:15:21,275 - main.py - 71 - INFO: Starting MLFlow...
2026-04-06 04:27:47,636 - main.py - 51 - INFO: Building features..
2026-04-06 04:27:51,433 - main.py - 55 - INFO: Building data...
2026-04-06 04:27:51,465 - main.py - 62 - INFO: Preprocessing data...
2026-04-06 04:27:51,544 - main.py - 71 - INFO: Starting MLFlow...
2026-04-07 07:50:23,489 - main.py - 51 - INFO: Building features..
2026-04-07 07:50:27,309 - main.py - 55 - INFO: Building data...
2026-04-07 07:50:27,349 - main.py - 62 - INFO: Preprocessing data...
2026-04-07 07:50:27,431 - main.py - 71 - INFO: Starting MLFlow...
2026-04-07 08:18:19,621 - main.py - 51 - INFO: Building features..
2026-04-07 08:18:23,463 - main.py - 55 - INFO: Building data...
2026-04-07 08:18:23,498 - main.py - 62 - INFO: Preprocessing data...
2026-04-07 08:18:23,576 - main.py - 71 - INFO: Starting MLFlow...
2026-04-07 08:40:31,034 - main.py - 51 - INFO: Building features..
2026-04-07 08:40:34,874 - main.py - 55 - INFO: Building data...
2026-04-07 08:40:34,914 - main.py - 62 - INFO: Preprocessing data...
2026-04-07 08:40:34,996 - main.py - 71 - INFO: Starting MLFlow...
2026-04-07 08:54:20,075 - main.py - 51 - INFO: Building features..
2026-04-07 08:54:23,882 - main.py - 55 - INFO: Building data...
2026-04-07 08:54:23,914 - main.py - 62 - INFO: Preprocessing data...
2026-04-07 08:54:23,991 - main.py - 71 - INFO: Starting MLFlow...
2026-04-07 09:10:03,319 - main.py - 51 - INFO: Building features..
2026-04-07 09:10:07,177 - main.py - 55 - INFO: Building data...
2026-04-07 09:10:07,214 - main.py - 62 - INFO: Preprocessing data...
2026-04-07 09:10:07,290 - main.py - 71 - INFO: Starting MLFlow...
2026-04-07 09:13:57,197 - main.py - 51 - INFO: Building features..
2026-04-07 09:14:01,026 - main.py - 55 - INFO: Building data...
2026-04-07 09:14:01,064 - main.py - 62 - INFO: Preprocessing data...
2026-04-07 09:14:01,144 - main.py - 71 - INFO: Starting MLFlow...
2026-04-07 09:40:12,902 - main.py - 51 - INFO: Building features..
2026-04-07 09:40:16,746 - main.py - 55 - INFO: Building data...
2026-04-07 09:40:16,784 - main.py - 62 - INFO: Preprocessing data...
2026-04-07 09:40:16,863 - main.py - 71 - INFO: Starting MLFlow...
2026-04-07 09:50:19,709 - main.py - 51 - INFO: Building features..
2026-04-07 09:50:23,622 - main.py - 55 - INFO: Building data...
2026-04-07 09:50:23,658 - main.py - 62 - INFO: Preprocessing data...
2026-04-07 09:50:23,740 - main.py - 71 - INFO: Starting MLFlow...
2026-04-08 08:18:45,129 - main.py - 188 - INFO: Checking S3 bucket: com.cg.cx-general
2026-04-08 08:25:20,304 - main.py - 189 - INFO: Checking S3 bucket: com.cg.cx-general | Prefix: 
2026-04-08 08:25:20,304 - main.py - 190 - INFO: Response: {'ResponseMetadata': {'RequestId': 'BC0TB0STV6DQ4KWA', 'HostId': 'szs4l5aMb3tNKstar2qC/hDgEI9FSClIDqXZr3ic17BvTdCCdpZY5HzOAjz3HW7zlqC8qzVSv3Y=', 'HTTPStatusCode': 200, 'HTTPHeaders': {'x-amz-id-2': 'szs4l5aMb3tNKstar2qC/hDgEI9FSClIDqXZr3ic17BvTdCCdpZY5HzOAjz3HW7zlqC8qzVSv3Y=', 'x-amz-request-id': 'BC0TB0STV6DQ4KWA', 'date': 'Wed, 08 Apr 2026 08:25:21 GMT', 'x-amz-bucket-region': 'ap-south-1', 'content-type': 'application/xml', 'transfer-encoding': 'chunked', 'server': 'AmazonS3'}, 'RetryAttempts': 1}, 'IsTruncated': False, 'Name': 'com.cg.cx-general', 'Prefix': 'mlflow/artifacts', 'MaxKeys': 1000, 'EncodingType': 'url', 'KeyCount': 0}
2026-04-08 08:26:54,159 - main.py - 189 - INFO: Checking S3 bucket: com.cg.cx-general | Prefix: mlflow/artifacts
2026-04-08 08:26:54,159 - main.py - 190 - INFO: Response: {'ResponseMetadata': {'RequestId': 'J3H7XWXJTYNGPBAK', 'HostId': '58ASfkNL6P5oNhg0eDu4Pfg1wf3w2+k26Vi44pqwW8zp3rR+6BrJ5oUzU7OcPN7R8W5LizQPmwUmQDGOmzq4zIZPt/lITPqv', 'HTTPStatusCode': 200, 'HTTPHeaders': {'x-amz-id-2': '58ASfkNL6P5oNhg0eDu4Pfg1wf3w2+k26Vi44pqwW8zp3rR+6BrJ5oUzU7OcPN7R8W5LizQPmwUmQDGOmzq4zIZPt/lITPqv', 'x-amz-request-id': 'J3H7XWXJTYNGPBAK', 'date': 'Wed, 08 Apr 2026 08:26:55 GMT', 'x-amz-bucket-region': 'ap-south-1', 'content-type': 'application/xml', 'transfer-encoding': 'chunked', 'server': 'AmazonS3'}, 'RetryAttempts': 1}, 'IsTruncated': False, 'Name': 'com.cg.cx-general', 'Prefix': 'mlflow/artifacts', 'MaxKeys': 1000, 'EncodingType': 'url', 'KeyCount': 0}
2026-04-08 08:56:25,867 - main.py - 189 - INFO: Checking S3 bucket: com.cg.cx-general | Prefix: mlflow/artifacts
2026-04-08 08:56:25,867 - main.py - 190 - INFO: Response: {'ResponseMetadata': {'RequestId': 'ZCQQ8QSWZK3C8HYQ', 'HostId': 'AbxFHdjbwHHe7n/2AO38wT2UqInOAuS5ZCL5K6HlcEs+CM+xqjgSjrMIQuJJhyLqT4Xq6hI5Qyf81Xeapa6DdV4xOFXyzim0', 'HTTPStatusCode': 200, 'HTTPHeaders': {'x-amz-id-2': 'AbxFHdjbwHHe7n/2AO38wT2UqInOAuS5ZCL5K6HlcEs+CM+xqjgSjrMIQuJJhyLqT4Xq6hI5Qyf81Xeapa6DdV4xOFXyzim0', 'x-amz-request-id': 'ZCQQ8QSWZK3C8HYQ', 'date': 'Wed, 08 Apr 2026 08:56:26 GMT', 'x-amz-bucket-region': 'ap-south-1', 'content-type': 'application/xml', 'transfer-encoding': 'chunked', 'server': 'AmazonS3'}, 'RetryAttempts': 1}, 'IsTruncated': False, 'Name': 'com.cg.cx-general', 'Prefix': 'mlflow/artifacts', 'MaxKeys': 1000, 'EncodingType': 'url', 'KeyCount': 0}
2026-04-08 09:03:59,042 - main.py - 197 - INFO: Checking S3 bucket: com.cg.cx-general | Prefix: mlflow/artifacts
2026-04-08 09:03:59,042 - main.py - 198 - INFO: Response: {'ResponseMetadata': {'RequestId': 'PXZG111SBA9PXR5V', 'HostId': 'Lt2tyhTphHB+3E3VRJNCXgHvrMMO59APmANiQC0AkvijJHWVk5EkHQw8+CO8l8HNLttypDNfwQI=', 'HTTPStatusCode': 200, 'HTTPHeaders': {'x-amz-id-2': 'Lt2tyhTphHB+3E3VRJNCXgHvrMMO59APmANiQC0AkvijJHWVk5EkHQw8+CO8l8HNLttypDNfwQI=', 'x-amz-request-id': 'PXZG111SBA9PXR5V', 'date': 'Wed, 08 Apr 2026 09:04:00 GMT', 'x-amz-bucket-region': 'ap-south-1', 'content-type': 'application/xml', 'transfer-encoding': 'chunked', 'server': 'AmazonS3'}, 'RetryAttempts': 1}, 'IsTruncated': False, 'Contents': [{'Key': 'mlflow/artifacts/1/aae108f883de4abba8b1265415fb911b/artifacts/test_s3.txt', 'LastModified': datetime.datetime(2026, 4, 8, 9, 3, 59, tzinfo=tzlocal()), 'ETag': '"de27194877dec2fc1f5a26d4cefe850f"', 'ChecksumAlgorithm': ['CRC32'], 'ChecksumType': 'FULL_OBJECT', 'Size': 24, 'StorageClass': 'STANDARD'}], 'Name': 'com.cg.cx-general', 'Prefix': 'mlflow/artifacts', 'MaxKeys': 1000, 'EncodingType': 'url', 'KeyCount': 1}
2026-04-08 09:03:59,042 - main.py - 200 - INFO: mlflow/artifacts/1/aae108f883de4abba8b1265415fb911b/artifacts/test_s3.txt
2026-04-08 09:24:13,770 - main.py - 200 - INFO: Checking S3 bucket: com.cg.cx-general | Prefix: mlflow/artifacts
2026-04-08 09:24:13,770 - main.py - 201 - INFO: Response: {'ResponseMetadata': {'RequestId': 'BBGZTVY6AT9F8P3B', 'HostId': 'u4VuZTO2hiHhQcBO7GiNj25TDYZvMLKXqi0CIDvnQpdnJFmqYoTu5w3RZNUGL6k9bX+ycdqlcTtP2Q4f89Pd3lMg1xNkcKc2', 'HTTPStatusCode': 200, 'HTTPHeaders': {'x-amz-id-2': 'u4VuZTO2hiHhQcBO7GiNj25TDYZvMLKXqi0CIDvnQpdnJFmqYoTu5w3RZNUGL6k9bX+ycdqlcTtP2Q4f89Pd3lMg1xNkcKc2', 'x-amz-request-id': 'BBGZTVY6AT9F8P3B', 'date': 'Wed, 08 Apr 2026 09:24:14 GMT', 'x-amz-bucket-region': 'ap-south-1', 'content-type': 'application/xml', 'transfer-encoding': 'chunked', 'server': 'AmazonS3'}, 'RetryAttempts': 1}, 'IsTruncated': False, 'Contents': [{'Key': 'mlflow/artifacts/1/7053841d17a648a5959abfbc280a1b72/artifacts/test_s3.txt', 'LastModified': datetime.datetime(2026, 4, 8, 9, 24, 13, tzinfo=tzlocal()), 'ETag': '"de27194877dec2fc1f5a26d4cefe850f"', 'ChecksumAlgorithm': ['CRC32'], 'ChecksumType': 'FULL_OBJECT', 'Size': 24, 'StorageClass': 'STANDARD'}, {'Key': 'mlflow/artifacts/1/aae108f883de4abba8b1265415fb911b/artifacts/test_s3.txt', 'LastModified': datetime.datetime(2026, 4, 8, 9, 3, 59, tzinfo=tzlocal()), 'ETag': '"de27194877dec2fc1f5a26d4cefe850f"', 'ChecksumAlgorithm': ['CRC32'], 'ChecksumType': 'FULL_OBJECT', 'Size': 24, 'StorageClass': 'STANDARD'}], 'Name': 'com.cg.cx-general', 'Prefix': 'mlflow/artifacts', 'MaxKeys': 1000, 'EncodingType': 'url', 'KeyCount': 2}
2026-04-08 09:24:13,770 - main.py - 203 - INFO: mlflow/artifacts/1/7053841d17a648a5959abfbc280a1b72/artifacts/test_s3.txt
2026-04-08 09:24:13,770 - main.py - 203 - INFO: mlflow/artifacts/1/aae108f883de4abba8b1265415fb911b/artifacts/test_s3.txt
2026-04-08 09:38:56,910 - main.py - 200 - INFO: Checking S3 bucket: com.cg.cx-general | Prefix: mlflow/artifacts
2026-04-08 09:38:56,910 - main.py - 201 - INFO: Response: {'ResponseMetadata': {'RequestId': 'VW7NR72CXHWGGG52', 'HostId': 'zqQCm18/w+ArvJvMcaRajiieh1Wle4A/ZYEX0fZ4GD73aSqozy6MbYGbnDWRkxvnQ5shqQ6cX6q45foABPbBkpThMVvJgHMR', 'HTTPStatusCode': 200, 'HTTPHeaders': {'x-amz-id-2': 'zqQCm18/w+ArvJvMcaRajiieh1Wle4A/ZYEX0fZ4GD73aSqozy6MbYGbnDWRkxvnQ5shqQ6cX6q45foABPbBkpThMVvJgHMR', 'x-amz-request-id': 'VW7NR72CXHWGGG52', 'date': 'Wed, 08 Apr 2026 09:38:57 GMT', 'x-amz-bucket-region': 'ap-south-1', 'content-type': 'application/xml', 'transfer-encoding': 'chunked', 'server': 'AmazonS3'}, 'RetryAttempts': 1}, 'IsTruncated': False, 'Contents': [{'Key': 'mlflow/artifacts/1/7053841d17a648a5959abfbc280a1b72/artifacts/test_s3.txt', 'LastModified': datetime.datetime(2026, 4, 8, 9, 24, 13, tzinfo=tzlocal()), 'ETag': '"de27194877dec2fc1f5a26d4cefe850f"', 'ChecksumAlgorithm': ['CRC32'], 'ChecksumType': 'FULL_OBJECT', 'Size': 24, 'StorageClass': 'STANDARD'}, {'Key': 'mlflow/artifacts/1/8d00cab0f62f42249455dc05af8279d6/artifacts/test_s3.txt', 'LastModified': datetime.datetime(2026, 4, 8, 9, 38, 56, tzinfo=tzlocal()), 'ETag': '"de27194877dec2fc1f5a26d4cefe850f"', 'ChecksumAlgorithm': ['CRC32'], 'ChecksumType': 'FULL_OBJECT', 'Size': 24, 'StorageClass': 'STANDARD'}, {'Key': 'mlflow/artifacts/1/aae108f883de4abba8b1265415fb911b/artifacts/test_s3.txt', 'LastModified': datetime.datetime(2026, 4, 8, 9, 3, 59, tzinfo=tzlocal()), 'ETag': '"de27194877dec2fc1f5a26d4cefe850f"', 'ChecksumAlgorithm': ['CRC32'], 'ChecksumType': 'FULL_OBJECT', 'Size': 24, 'StorageClass': 'STANDARD'}], 'Name': 'com.cg.cx-general', 'Prefix': 'mlflow/artifacts', 'MaxKeys': 1000, 'EncodingType': 'url', 'KeyCount': 3}
2026-04-08 09:38:56,911 - main.py - 203 - INFO: mlflow/artifacts/1/7053841d17a648a5959abfbc280a1b72/artifacts/test_s3.txt
2026-04-08 09:38:56,911 - main.py - 203 - INFO: mlflow/artifacts/1/8d00cab0f62f42249455dc05af8279d6/artifacts/test_s3.txt
2026-04-08 09:38:56,911 - main.py - 203 - INFO: mlflow/artifacts/1/aae108f883de4abba8b1265415fb911b/artifacts/test_s3.txt
